2025-11-11T17:05:26.000000000Z [inf]  Mounting volume on: /var/lib/containers/railwayapp/bind-mounts/9fd67606-ddaf-4f9a-89eb-ed200880b9fb/vol_igetjxm1d4odqona
2025-11-11T17:05:27.000000000Z [inf]  Starting Container
2025-11-11T17:05:30.045649039Z [inf]  
2025-11-11T17:05:30.045656689Z [inf]    .   ____          _            __ _ _
2025-11-11T17:05:30.045665950Z [inf]   /\\ / ___'_ __ _ _(_)_ __  __ _ \ \ \ \
2025-11-11T17:05:30.045673919Z [inf]  ( ( )\___ | '_ | '_| | '_ \/ _` | \ \ \ \
2025-11-11T17:05:30.045681321Z [inf]   \\/  ___)| |_)| | | | | || (_| |  ) ) ) )
2025-11-11T17:05:30.045695386Z [inf]    '  |____| .__|_| |_|_| |_\__, | / / / /
2025-11-11T17:05:30.045703194Z [inf]   =========|_|==============|___/=/_/_/_/
2025-11-11T17:05:30.045711382Z [inf]  
2025-11-11T17:05:30.045720539Z [inf]   :: Spring Boot ::                (v3.5.6)
2025-11-11T17:05:30.045734681Z [inf]  
2025-11-11T17:05:30.045743045Z [inf]  2025-11-11T17:05:29.024Z  INFO 1 --- [           main] m.p.springdotenv.DotenvPropertySource    : Initializing Dotenv with DotenvConfig{directory=null, filename=null, ignoreIfMalformed=false, ignoreIfMissing=true, systemProperties=false, prefix=null}
2025-11-11T17:05:30.045752149Z [inf]  2025-11-11T17:05:29.070Z  INFO 1 --- [           main] tmmsystem.TmmSystemApplication           : Starting TmmSystemApplication v0.0.1-SNAPSHOT using Java 21.0.2 with PID 1 (/app/target/TMMSystem-0.0.1-SNAPSHOT.jar started by root in /app)
2025-11-11T17:05:30.045765821Z [inf]  2025-11-11T17:05:29.072Z  INFO 1 --- [           main] tmmsystem.TmmSystemApplication           : No active profile set, falling back to 1 default profile: "default"
2025-11-11T17:05:31.001658295Z [inf]  2025-11-11T17:05:30.837Z  INFO 1 --- [           main] .s.d.r.c.RepositoryConfigurationDelegate : Bootstrapping Spring Data JPA repositories in DEFAULT mode.
2025-11-11T17:05:31.056988319Z [inf]  2025-11-11T17:05:31.052Z  INFO 1 --- [           main] .s.d.r.c.RepositoryConfigurationDelegate : Finished Spring Data repository scanning in 203 ms. Found 49 JPA repository interfaces.
2025-11-11T17:05:31.946238065Z [inf]  2025-11-11T17:05:31.897Z  INFO 1 --- [           main] o.s.b.w.embedded.tomcat.TomcatWebServer  : Tomcat initialized with port 8080 (http)
2025-11-11T17:05:31.946245264Z [inf]  2025-11-11T17:05:31.916Z  INFO 1 --- [           main] o.apache.catalina.core.StandardService   : Starting service [Tomcat]
2025-11-11T17:05:31.946252908Z [inf]  2025-11-11T17:05:31.916Z  INFO 1 --- [           main] o.apache.catalina.core.StandardEngine    : Starting Servlet engine: [Apache Tomcat/10.1.46]
2025-11-11T17:05:31.960525852Z [inf]  2025-11-11T17:05:31.952Z  INFO 1 --- [           main] o.a.c.c.C.[Tomcat].[localhost].[/]       : Initializing Spring embedded WebApplicationContext
2025-11-11T17:05:31.960534942Z [inf]  2025-11-11T17:05:31.954Z  INFO 1 --- [           main] w.s.c.ServletWebServerApplicationContext : Root WebApplicationContext: initialization completed in 2788 ms
2025-11-11T17:05:32.954338890Z [inf]  2025-11-11T17:05:32.366Z  INFO 1 --- [           main] o.hibernate.jpa.internal.util.LogHelper  : HHH000204: Processing PersistenceUnitInfo [name: default]
2025-11-11T17:05:32.954345210Z [inf]  2025-11-11T17:05:32.449Z  INFO 1 --- [           main] org.hibernate.Version                    : HHH000412: Hibernate ORM core version 6.6.29.Final
2025-11-11T17:05:32.954352556Z [inf]  2025-11-11T17:05:32.484Z  INFO 1 --- [           main] o.h.c.internal.RegionFactoryInitiator    : HHH000026: Second-level cache disabled
2025-11-11T17:05:32.954359454Z [inf]  2025-11-11T17:05:32.776Z  INFO 1 --- [           main] o.s.o.j.p.SpringPersistenceUnitInfo      : No LoadTimeWeaver setup: ignoring JPA class transformer
2025-11-11T17:05:32.954366647Z [inf]  2025-11-11T17:05:32.818Z  INFO 1 --- [           main] com.zaxxer.hikari.HikariDataSource       : HikariPool-1 - Starting...
2025-11-11T17:05:33.050816064Z [inf]  2025-11-11T17:05:33.047Z  INFO 1 --- [           main] com.zaxxer.hikari.pool.HikariPool        : HikariPool-1 - Added connection com.mysql.cj.jdbc.ConnectionImpl@24d0c6a4
2025-11-11T17:05:33.050823676Z [inf]  2025-11-11T17:05:33.049Z  INFO 1 --- [           main] com.zaxxer.hikari.HikariDataSource       : HikariPool-1 - Start completed.
2025-11-11T17:05:33.115633881Z [inf]  2025-11-11T17:05:33.106Z  WARN 1 --- [           main] org.hibernate.orm.deprecation            : HHH90000025: MySQLDialect does not need to be specified explicitly using 'hibernate.dialect' (remove the property setting and it will be selected by default)
2025-11-11T17:05:33.134794688Z [inf]  2025-11-11T17:05:33.125Z  INFO 1 --- [           main] org.hibernate.orm.connections.pooling    : HHH10001005: Database info:
2025-11-11T17:05:33.134805127Z [inf]  	Database JDBC URL [Connecting through datasource 'HikariDataSource (HikariPool-1)']
2025-11-11T17:05:33.134810985Z [inf]  	Database driver: undefined/unknown
2025-11-11T17:05:33.134816081Z [inf]  	Database version: 9.4
2025-11-11T17:05:33.134821951Z [inf]  	Autocommit mode: undefined/unknown
2025-11-11T17:05:33.134826915Z [inf]  	Isolation level: undefined/unknown
2025-11-11T17:05:33.134830653Z [inf]  	Minimum pool size: undefined/unknown
2025-11-11T17:05:33.134834491Z [inf]  	Maximum pool size: undefined/unknown
2025-11-11T17:05:35.062008342Z [inf]  2025-11-11T17:05:35.060Z  INFO 1 --- [           main] o.h.e.t.j.p.i.JtaPlatformInitiator       : HHH000489: No JTA platform available (set 'hibernate.transaction.jta.platform' to enable JTA platform integration)
2025-11-11T17:05:35.164859311Z [inf]  Hibernate: alter table production_plan modify column status enum ('APPROVED','DRAFT','PENDING_APPROVAL','REJECTED','SUPERSEDED') not null
2025-11-11T17:05:35.202781246Z [inf]  Hibernate: alter table customer drop index UK114lxb57nwilrwigcoi6nm3ln
2025-11-11T17:05:35.864463847Z [inf]  Hibernate: alter table customer add constraint UK114lxb57nwilrwigcoi6nm3ln unique (customer_code)
2025-11-11T17:05:35.957994324Z [inf]  Hibernate: alter table production_plan_stage add constraint FKh6cw737fnei0mn7ild0rie07a foreign key (plan_id) references production_plan (id)
2025-11-11T17:05:36.082691161Z [inf]  2025-11-11T17:05:36.060Z  WARN 1 --- [           main] o.h.t.s.i.ExceptionHandlerLoggedImpl     : GenerationTarget encountered exception accepting command : Error executing DDL "alter table production_plan_stage add constraint FKh6cw737fnei0mn7ild0rie07a foreign key (plan_id) references production_plan (id)" via JDBC [Cannot add or update a child row: a foreign key constraint fails (`railway`.`#sql-1_3eff`, CONSTRAINT `FKh6cw737fnei0mn7ild0rie07a` FOREIGN KEY (`plan_id`) REFERENCES `production_plan` (`id`))]
2025-11-11T17:05:36.082697765Z [inf]  
2025-11-11T17:05:36.082703840Z [inf]  org.hibernate.tool.schema.spi.CommandAcceptanceException: Error executing DDL "alter table production_plan_stage add constraint FKh6cw737fnei0mn7ild0rie07a foreign key (plan_id) references production_plan (id)" via JDBC [Cannot add or update a child row: a foreign key constraint fails (`railway`.`#sql-1_3eff`, CONSTRAINT `FKh6cw737fnei0mn7ild0rie07a` FOREIGN KEY (`plan_id`) REFERENCES `production_plan` (`id`))]
2025-11-11T17:05:36.082709420Z [inf]  	at org.hibernate.tool.schema.internal.exec.GenerationTargetToDatabase.accept(GenerationTargetToDatabase.java:94) ~[hibernate-core-6.6.29.Final.jar!/:6.6.29.Final]
2025-11-11T17:05:36.082714768Z [inf]  	at org.hibernate.tool.schema.internal.AbstractSchemaMigrator.applySqlString(AbstractSchemaMigrator.java:576) ~[hibernate-core-6.6.29.Final.jar!/:6.6.29.Final]
2025-11-11T17:05:36.082719973Z [inf]  	at org.hibernate.tool.schema.internal.AbstractSchemaMigrator.applySqlStrings(AbstractSchemaMigrator.java:516) ~[hibernate-core-6.6.29.Final.jar!/:6.6.29.Final]
2025-11-11T17:05:36.082725804Z [inf]  	at org.hibernate.tool.schema.internal.AbstractSchemaMigrator.applyForeignKeys(AbstractSchemaMigrator.java:448) ~[hibernate-core-6.6.29.Final.jar!/:6.6.29.Final]
2025-11-11T17:05:36.082730950Z [inf]  	at org.hibernate.tool.schema.internal.AbstractSchemaMigrator.performMigration(AbstractSchemaMigrator.java:269) ~[hibernate-core-6.6.29.Final.jar!/:6.6.29.Final]
2025-11-11T17:05:36.085343673Z [inf]  	at org.hibernate.tool.schema.internal.AbstractSchemaMigrator.doMigration(AbstractSchemaMigrator.java:112) ~[hibernate-core-6.6.29.Final.jar!/:6.6.29.Final]
2025-11-11T17:05:36.085354014Z [inf]  	at org.hibernate.tool.schema.spi.SchemaManagementToolCoordinator.performDatabaseAction(SchemaManagementToolCoordinator.java:280) ~[hibernate-core-6.6.29.Final.jar!/:6.6.29.Final]
2025-11-11T17:05:36.085361698Z [inf]  	at org.hibernate.tool.schema.spi.SchemaManagementToolCoordinator.lambda$process$5(SchemaManagementToolCoordinator.java:144) ~[hibernate-core-6.6.29.Final.jar!/:6.6.29.Final]
2025-11-11T17:05:36.085369792Z [inf]  	at java.base/java.util.HashMap.forEach(HashMap.java:1429) ~[na:na]
2025-11-11T17:05:36.085377918Z [inf]  	at org.hibernate.tool.schema.spi.SchemaManagementToolCoordinator.process(SchemaManagementToolCoordinator.java:141) ~[hibernate-core-6.6.29.Final.jar!/:6.6.29.Final]
2025-11-11T17:05:36.085386212Z [inf]  	at org.hibernate.boot.internal.SessionFactoryObserverForSchemaExport.sessionFactoryCreated(SessionFactoryObserverForSchemaExport.java:37) ~[hibernate-core-6.6.29.Final.jar!/:6.6.29.Final]
2025-11-11T17:05:36.085394079Z [inf]  	at org.hibernate.internal.SessionFactoryObserverChain.sessionFactoryCreated(SessionFactoryObserverChain.java:35) ~[hibernate-core-6.6.29.Final.jar!/:6.6.29.Final]
2025-11-11T17:05:36.085401639Z [inf]  	at org.hibernate.internal.SessionFactoryImpl.<init>(SessionFactoryImpl.java:324) ~[hibernate-core-6.6.29.Final.jar!/:6.6.29.Final]
2025-11-11T17:05:36.085407878Z [inf]  	at org.hibernate.boot.internal.SessionFactoryBuilderImpl.build(SessionFactoryBuilderImpl.java:463) ~[hibernate-core-6.6.29.Final.jar!/:6.6.29.Final]
2025-11-11T17:05:36.085414660Z [inf]  	at org.hibernate.jpa.boot.internal.EntityManagerFactoryBuilderImpl.build(EntityManagerFactoryBuilderImpl.java:1517) ~[hibernate-core-6.6.29.Final.jar!/:6.6.29.Final]
2025-11-11T17:05:36.085424380Z [inf]  	at org.springframework.orm.jpa.vendor.SpringHibernateJpaPersistenceProvider.createContainerEntityManagerFactory(SpringHibernateJpaPersistenceProvider.java:66) ~[spring-orm-6.2.11.jar!/:6.2.11]
2025-11-11T17:05:36.087255051Z [inf]  	at org.springframework.orm.jpa.LocalContainerEntityManagerFactoryBean.createNativeEntityManagerFactory(LocalContainerEntityManagerFactoryBean.java:390) ~[spring-orm-6.2.11.jar!/:6.2.11]
2025-11-11T17:05:36.087263030Z [inf]  	at org.springframework.orm.jpa.AbstractEntityManagerFactoryBean.buildNativeEntityManagerFactory(AbstractEntityManagerFactoryBean.java:419) ~[spring-orm-6.2.11.jar!/:6.2.11]
2025-11-11T17:05:36.087267609Z [inf]  	at org.springframework.orm.jpa.AbstractEntityManagerFactoryBean.afterPropertiesSet(AbstractEntityManagerFactoryBean.java:400) ~[spring-orm-6.2.11.jar!/:6.2.11]
2025-11-11T17:05:36.087272922Z [inf]  	at org.springframework.orm.jpa.LocalContainerEntityManagerFactoryBean.afterPropertiesSet(LocalContainerEntityManagerFactoryBean.java:366) ~[spring-orm-6.2.11.jar!/:6.2.11]
2025-11-11T17:05:36.087278312Z [inf]  	at org.springframework.beans.factory.support.AbstractAutowireCapableBeanFactory.invokeInitMethods(AbstractAutowireCapableBeanFactory.java:1873) ~[spring-beans-6.2.11.jar!/:6.2.11]
2025-11-11T17:05:36.087283491Z [inf]  	at org.springframework.beans.factory.support.AbstractAutowireCapableBeanFactory.initializeBean(AbstractAutowireCapableBeanFactory.java:1822) ~[spring-beans-6.2.11.jar!/:6.2.11]
2025-11-11T17:05:36.087287509Z [inf]  	at org.springframework.beans.factory.support.AbstractAutowireCapableBeanFactory.doCreateBean(AbstractAutowireCapableBeanFactory.java:607) ~[spring-beans-6.2.11.jar!/:6.2.11]
2025-11-11T17:05:36.087293409Z [inf]  	at org.springframework.beans.factory.support.AbstractAutowireCapableBeanFactory.createBean(AbstractAutowireCapableBeanFactory.java:529) ~[spring-beans-6.2.11.jar!/:6.2.11]
2025-11-11T17:05:36.087297405Z [inf]  	at org.springframework.beans.factory.support.AbstractBeanFactory.lambda$doGetBean$0(AbstractBeanFactory.java:339) ~[spring-beans-6.2.11.jar!/:6.2.11]
2025-11-11T17:05:36.087302228Z [inf]  	at org.springframework.beans.factory.support.DefaultSingletonBeanRegistry.getSingleton(DefaultSingletonBeanRegistry.java:373) ~[spring-beans-6.2.11.jar!/:6.2.11]
2025-11-11T17:05:36.089588111Z [inf]  	at org.springframework.beans.factory.support.AbstractBeanFactory.doGetBean(AbstractBeanFactory.java:337) ~[spring-beans-6.2.11.jar!/:6.2.11]
2025-11-11T17:05:36.089594588Z [inf]  	at org.springframework.beans.factory.support.AbstractBeanFactory.getBean(AbstractBeanFactory.java:202) ~[spring-beans-6.2.11.jar!/:6.2.11]
2025-11-11T17:05:36.089599152Z [inf]  	at org.springframework.beans.factory.support.BeanDefinitionValueResolver.resolveReference(BeanDefinitionValueResolver.java:365) ~[spring-beans-6.2.11.jar!/:6.2.11]
2025-11-11T17:05:36.089604621Z [inf]  	at org.springframework.beans.factory.support.BeanDefinitionValueResolver.resolveValueIfNecessary(BeanDefinitionValueResolver.java:135) ~[spring-beans-6.2.11.jar!/:6.2.11]
2025-11-11T17:05:36.089609202Z [inf]  	at org.springframework.beans.factory.support.ConstructorResolver.resolveConstructorArguments(ConstructorResolver.java:691) ~[spring-beans-6.2.11.jar!/:6.2.11]
2025-11-11T17:05:36.089614082Z [inf]  	at org.springframework.beans.factory.support.ConstructorResolver.instantiateUsingFactoryMethod(ConstructorResolver.java:513) ~[spring-beans-6.2.11.jar!/:6.2.11]
2025-11-11T17:05:36.089619411Z [inf]  	at org.springframework.beans.factory.support.AbstractAutowireCapableBeanFactory.instantiateUsingFactoryMethod(AbstractAutowireCapableBeanFactory.java:1375) ~[spring-beans-6.2.11.jar!/:6.2.11]
2025-11-11T17:05:36.089624406Z [inf]  	at org.springframework.beans.factory.support.AbstractAutowireCapableBeanFactory.createBeanInstance(AbstractAutowireCapableBeanFactory.java:1205) ~[spring-beans-6.2.11.jar!/:6.2.11]
2025-11-11T17:05:36.089628706Z [inf]  	at org.springframework.beans.factory.support.AbstractAutowireCapableBeanFactory.doCreateBean(AbstractAutowireCapableBeanFactory.java:569) ~[spring-beans-6.2.11.jar!/:6.2.11]
2025-11-11T17:05:36.089633330Z [inf]  	at org.springframework.beans.factory.support.AbstractAutowireCapableBeanFactory.createBean(AbstractAutowireCapableBeanFactory.java:529) ~[spring-beans-6.2.11.jar!/:6.2.11]
2025-11-11T17:05:36.092326635Z [inf]  	at org.springframework.beans.factory.support.AbstractBeanFactory.lambda$doGetBean$0(AbstractBeanFactory.java:339) ~[spring-beans-6.2.11.jar!/:6.2.11]
2025-11-11T17:05:36.092337414Z [inf]  	at org.springframework.beans.factory.support.DefaultSingletonBeanRegistry.getSingleton(DefaultSingletonBeanRegistry.java:373) ~[spring-beans-6.2.11.jar!/:6.2.11]
2025-11-11T17:05:36.092345376Z [inf]  	at org.springframework.beans.factory.support.AbstractBeanFactory.doGetBean(AbstractBeanFactory.java:337) ~[spring-beans-6.2.11.jar!/:6.2.11]
2025-11-11T17:05:36.092352335Z [inf]  	at org.springframework.beans.factory.support.AbstractBeanFactory.getBean(AbstractBeanFactory.java:202) ~[spring-beans-6.2.11.jar!/:6.2.11]
2025-11-11T17:05:36.092358494Z [inf]  	at org.springframework.beans.factory.support.BeanDefinitionValueResolver.resolveReference(BeanDefinitionValueResolver.java:365) ~[spring-beans-6.2.11.jar!/:6.2.11]
2025-11-11T17:05:36.092365352Z [inf]  	at org.springframework.beans.factory.support.BeanDefinitionValueResolver.resolveValueIfNecessary(BeanDefinitionValueResolver.java:135) ~[spring-beans-6.2.11.jar!/:6.2.11]
2025-11-11T17:05:36.092371968Z [inf]  	at org.springframework.beans.factory.support.AbstractAutowireCapableBeanFactory.applyPropertyValues(AbstractAutowireCapableBeanFactory.java:1725) ~[spring-beans-6.2.11.jar!/:6.2.11]
2025-11-11T17:05:36.092388516Z [inf]  	at org.springframework.beans.factory.support.AbstractAutowireCapableBeanFactory.populateBean(AbstractAutowireCapableBeanFactory.java:1474) ~[spring-beans-6.2.11.jar!/:6.2.11]
2025-11-11T17:05:36.092395028Z [inf]  	at org.springframework.beans.factory.support.AbstractAutowireCapableBeanFactory.doCreateBean(AbstractAutowireCapableBeanFactory.java:606) ~[spring-beans-6.2.11.jar!/:6.2.11]
2025-11-11T17:05:36.092402225Z [inf]  	at org.springframework.beans.factory.support.AbstractAutowireCapableBeanFactory.createBean(AbstractAutowireCapableBeanFactory.java:529) ~[spring-beans-6.2.11.jar!/:6.2.11]
2025-11-11T17:05:36.094478478Z [inf]  	at org.springframework.beans.factory.support.AbstractBeanFactory.lambda$doGetBean$0(AbstractBeanFactory.java:339) ~[spring-beans-6.2.11.jar!/:6.2.11]
2025-11-11T17:05:36.094487062Z [inf]  	at org.springframework.beans.factory.support.DefaultSingletonBeanRegistry.getSingleton(DefaultSingletonBeanRegistry.java:373) ~[spring-beans-6.2.11.jar!/:6.2.11]
2025-11-11T17:05:36.094493580Z [inf]  	at org.springframework.beans.factory.support.AbstractBeanFactory.doGetBean(AbstractBeanFactory.java:337) ~[spring-beans-6.2.11.jar!/:6.2.11]
2025-11-11T17:05:36.094499469Z [inf]  	at org.springframework.beans.factory.support.AbstractBeanFactory.getBean(AbstractBeanFactory.java:202) ~[spring-beans-6.2.11.jar!/:6.2.11]
2025-11-11T17:05:36.094505753Z [inf]  	at org.springframework.beans.factory.support.DefaultListableBeanFactory.doResolveDependency(DefaultListableBeanFactory.java:1698) ~[spring-beans-6.2.11.jar!/:6.2.11]
2025-11-11T17:05:36.094511951Z [inf]  	at org.springframework.beans.factory.support.DefaultListableBeanFactory.resolveDependency(DefaultListableBeanFactory.java:1643) ~[spring-beans-6.2.11.jar!/:6.2.11]
2025-11-11T17:05:36.094518195Z [inf]  	at org.springframework.beans.factory.support.ConstructorResolver.resolveAutowiredArgument(ConstructorResolver.java:913) ~[spring-beans-6.2.11.jar!/:6.2.11]
2025-11-11T17:05:36.094524262Z [inf]  	at org.springframework.beans.factory.support.ConstructorResolver.createArgumentArray(ConstructorResolver.java:791) ~[spring-beans-6.2.11.jar!/:6.2.11]
2025-11-11T17:05:36.094530529Z [inf]  	at org.springframework.beans.factory.support.ConstructorResolver.autowireConstructor(ConstructorResolver.java:240) ~[spring-beans-6.2.11.jar!/:6.2.11]
2025-11-11T17:05:36.094539235Z [inf]  	at org.springframework.beans.factory.support.AbstractAutowireCapableBeanFactory.autowireConstructor(AbstractAutowireCapableBeanFactory.java:1395) ~[spring-beans-6.2.11.jar!/:6.2.11]
2025-11-11T17:05:36.094544835Z [inf]  	at org.springframework.beans.factory.support.AbstractAutowireCapableBeanFactory.createBeanInstance(AbstractAutowireCapableBeanFactory.java:1232) ~[spring-beans-6.2.11.jar!/:6.2.11]
2025-11-11T17:05:36.096854128Z [inf]  	at org.springframework.beans.factory.support.AbstractAutowireCapableBeanFactory.doCreateBean(AbstractAutowireCapableBeanFactory.java:569) ~[spring-beans-6.2.11.jar!/:6.2.11]
2025-11-11T17:05:36.096866845Z [inf]  	at org.springframework.beans.factory.support.AbstractAutowireCapableBeanFactory.createBean(AbstractAutowireCapableBeanFactory.java:529) ~[spring-beans-6.2.11.jar!/:6.2.11]
2025-11-11T17:05:36.096874941Z [inf]  	at org.springframework.beans.factory.support.AbstractBeanFactory.lambda$doGetBean$0(AbstractBeanFactory.java:339) ~[spring-beans-6.2.11.jar!/:6.2.11]
2025-11-11T17:05:36.096882599Z [inf]  	at org.springframework.beans.factory.support.DefaultSingletonBeanRegistry.getSingleton(DefaultSingletonBeanRegistry.java:373) ~[spring-beans-6.2.11.jar!/:6.2.11]
2025-11-11T17:05:36.096890458Z [inf]  	at org.springframework.beans.factory.support.AbstractBeanFactory.doGetBean(AbstractBeanFactory.java:337) ~[spring-beans-6.2.11.jar!/:6.2.11]
2025-11-11T17:05:36.096898894Z [inf]  	at org.springframework.beans.factory.support.AbstractBeanFactory.getBean(AbstractBeanFactory.java:207) ~[spring-beans-6.2.11.jar!/:6.2.11]
2025-11-11T17:05:36.096905906Z [inf]  	at org.springframework.boot.web.servlet.ServletContextInitializerBeans.getOrderedBeansOfType(ServletContextInitializerBeans.java:230) ~[spring-boot-3.5.6.jar!/:3.5.6]
2025-11-11T17:05:36.096914782Z [inf]  	at org.springframework.boot.web.servlet.ServletContextInitializerBeans.addAsRegistrationBean(ServletContextInitializerBeans.java:184) ~[spring-boot-3.5.6.jar!/:3.5.6]
2025-11-11T17:05:36.096921255Z [inf]  	at org.springframework.boot.web.servlet.ServletContextInitializerBeans.addAsRegistrationBean(ServletContextInitializerBeans.java:179) ~[spring-boot-3.5.6.jar!/:3.5.6]
2025-11-11T17:05:36.096929249Z [inf]  	at org.springframework.boot.web.servlet.ServletContextInitializerBeans.addAdaptableBeans(ServletContextInitializerBeans.java:164) ~[spring-boot-3.5.6.jar!/:3.5.6]
2025-11-11T17:05:36.105444864Z [inf]  	at org.springframework.boot.web.servlet.ServletContextInitializerBeans.<init>(ServletContextInitializerBeans.java:96) ~[spring-boot-3.5.6.jar!/:3.5.6]
2025-11-11T17:05:36.105463546Z [inf]  	at org.springframework.boot.web.servlet.context.ServletWebServerApplicationContext.getServletContextInitializerBeans(ServletWebServerApplicationContext.java:271) ~[spring-boot-3.5.6.jar!/:3.5.6]
2025-11-11T17:05:36.105472376Z [inf]  	at org.springframework.boot.web.servlet.context.ServletWebServerApplicationContext.selfInitialize(ServletWebServerApplicationContext.java:245) ~[spring-boot-3.5.6.jar!/:3.5.6]
2025-11-11T17:05:36.105483670Z [inf]  	at org.springframework.boot.web.embedded.tomcat.TomcatStarter.onStartup(TomcatStarter.java:52) ~[spring-boot-3.5.6.jar!/:3.5.6]
2025-11-11T17:05:36.105493036Z [inf]  	at org.apache.catalina.core.StandardContext.startInternal(StandardContext.java:4464) ~[tomcat-embed-core-10.1.46.jar!/:na]
2025-11-11T17:05:36.105502528Z [inf]  	at org.apache.catalina.util.LifecycleBase.start(LifecycleBase.java:164) ~[tomcat-embed-core-10.1.46.jar!/:na]
2025-11-11T17:05:36.105511631Z [inf]  	at org.apache.catalina.core.ContainerBase$StartChild.call(ContainerBase.java:1203) ~[tomcat-embed-core-10.1.46.jar!/:na]
2025-11-11T17:05:36.105520401Z [inf]  	at org.apache.catalina.core.ContainerBase$StartChild.call(ContainerBase.java:1193) ~[tomcat-embed-core-10.1.46.jar!/:na]
2025-11-11T17:05:36.105528516Z [inf]  	at java.base/java.util.concurrent.FutureTask.run(FutureTask.java:317) ~[na:na]
2025-11-11T17:05:36.105536295Z [inf]  	at org.apache.tomcat.util.threads.InlineExecutorService.execute(InlineExecutorService.java:81) ~[tomcat-embed-core-10.1.46.jar!/:na]
2025-11-11T17:05:36.105545396Z [inf]  	at java.base/java.util.concurrent.AbstractExecutorService.submit(AbstractExecutorService.java:145) ~[na:na]
2025-11-11T17:05:36.105552762Z [inf]  	at org.apache.catalina.core.ContainerBase.startInternal(ContainerBase.java:749) ~[tomcat-embed-core-10.1.46.jar!/:na]
2025-11-11T17:05:36.108282447Z [inf]  	at org.apache.catalina.core.StandardHost.startInternal(StandardHost.java:773) ~[tomcat-embed-core-10.1.46.jar!/:na]
2025-11-11T17:05:36.108287850Z [inf]  	at org.apache.catalina.util.LifecycleBase.start(LifecycleBase.java:164) ~[tomcat-embed-core-10.1.46.jar!/:na]
2025-11-11T17:05:36.108293379Z [inf]  	at org.apache.catalina.core.ContainerBase$StartChild.call(ContainerBase.java:1203) ~[tomcat-embed-core-10.1.46.jar!/:na]
2025-11-11T17:05:36.108298972Z [inf]  	at org.apache.catalina.core.ContainerBase$StartChild.call(ContainerBase.java:1193) ~[tomcat-embed-core-10.1.46.jar!/:na]
2025-11-11T17:05:36.108304468Z [inf]  	at java.base/java.util.concurrent.FutureTask.run(FutureTask.java:317) ~[na:na]
2025-11-11T17:05:36.108310620Z [inf]  	at org.apache.tomcat.util.threads.InlineExecutorService.execute(InlineExecutorService.java:81) ~[tomcat-embed-core-10.1.46.jar!/:na]
2025-11-11T17:05:36.108317239Z [inf]  	at java.base/java.util.concurrent.AbstractExecutorService.submit(AbstractExecutorService.java:145) ~[na:na]
2025-11-11T17:05:36.108323693Z [inf]  	at org.apache.catalina.core.ContainerBase.startInternal(ContainerBase.java:749) ~[tomcat-embed-core-10.1.46.jar!/:na]
2025-11-11T17:05:36.108330115Z [inf]  	at org.apache.catalina.core.StandardEngine.startInternal(StandardEngine.java:203) ~[tomcat-embed-core-10.1.46.jar!/:na]
2025-11-11T17:05:36.108335882Z [inf]  	at org.apache.catalina.util.LifecycleBase.start(LifecycleBase.java:164) ~[tomcat-embed-core-10.1.46.jar!/:na]
2025-11-11T17:05:36.108341392Z [inf]  	at org.apache.catalina.core.StandardService.startInternal(StandardService.java:412) ~[tomcat-embed-core-10.1.46.jar!/:na]
2025-11-11T17:05:36.108347541Z [inf]  	at org.apache.catalina.util.LifecycleBase.start(LifecycleBase.java:164) ~[tomcat-embed-core-10.1.46.jar!/:na]
2025-11-11T17:05:36.108354627Z [inf]  	at org.apache.catalina.core.StandardServer.startInternal(StandardServer.java:870) ~[tomcat-embed-core-10.1.46.jar!/:na]
2025-11-11T17:05:36.110947143Z [inf]  	at org.apache.catalina.util.LifecycleBase.start(LifecycleBase.java:164) ~[tomcat-embed-core-10.1.46.jar!/:na]
2025-11-11T17:05:36.110953802Z [inf]  	at org.apache.catalina.startup.Tomcat.start(Tomcat.java:438) ~[tomcat-embed-core-10.1.46.jar!/:na]
2025-11-11T17:05:36.110959219Z [inf]  	at org.springframework.boot.web.embedded.tomcat.TomcatWebServer.initialize(TomcatWebServer.java:128) ~[spring-boot-3.5.6.jar!/:3.5.6]
2025-11-11T17:05:36.110963901Z [inf]  	at org.springframework.boot.web.embedded.tomcat.TomcatWebServer.<init>(TomcatWebServer.java:107) ~[spring-boot-3.5.6.jar!/:3.5.6]
2025-11-11T17:05:36.110969104Z [inf]  	at org.springframework.boot.web.embedded.tomcat.TomcatServletWebServerFactory.getTomcatWebServer(TomcatServletWebServerFactory.java:517) ~[spring-boot-3.5.6.jar!/:3.5.6]
2025-11-11T17:05:36.110974560Z [inf]  	at org.springframework.boot.web.embedded.tomcat.TomcatServletWebServerFactory.getWebServer(TomcatServletWebServerFactory.java:219) ~[spring-boot-3.5.6.jar!/:3.5.6]
2025-11-11T17:05:36.110979725Z [inf]  	at org.springframework.boot.web.servlet.context.ServletWebServerApplicationContext.createWebServer(ServletWebServerApplicationContext.java:193) ~[spring-boot-3.5.6.jar!/:3.5.6]
2025-11-11T17:05:36.110986534Z [inf]  	at org.springframework.boot.web.servlet.context.ServletWebServerApplicationContext.onRefresh(ServletWebServerApplicationContext.java:167) ~[spring-boot-3.5.6.jar!/:3.5.6]
2025-11-11T17:05:36.110991221Z [inf]  	at org.springframework.context.support.AbstractApplicationContext.refresh(AbstractApplicationContext.java:621) ~[spring-context-6.2.11.jar!/:6.2.11]
2025-11-11T17:05:36.110996183Z [inf]  	at org.springframework.boot.web.servlet.context.ServletWebServerApplicationContext.refresh(ServletWebServerApplicationContext.java:146) ~[spring-boot-3.5.6.jar!/:3.5.6]
2025-11-11T17:05:36.111022298Z [inf]  	at org.springframework.boot.SpringApplication.refresh(SpringApplication.java:752) ~[spring-boot-3.5.6.jar!/:3.5.6]
2025-11-11T17:05:36.112997716Z [inf]  	at org.springframework.boot.SpringApplication.refreshContext(SpringApplication.java:439) ~[spring-boot-3.5.6.jar!/:3.5.6]
2025-11-11T17:05:36.113006477Z [inf]  	at org.springframework.boot.SpringApplication.run(SpringApplication.java:318) ~[spring-boot-3.5.6.jar!/:3.5.6]
2025-11-11T17:05:36.113011858Z [inf]  	at org.springframework.boot.SpringApplication.run(SpringApplication.java:1361) ~[spring-boot-3.5.6.jar!/:3.5.6]
2025-11-11T17:05:36.113017480Z [inf]  	at org.springframework.boot.SpringApplication.run(SpringApplication.java:1350) ~[spring-boot-3.5.6.jar!/:3.5.6]
2025-11-11T17:05:36.113022916Z [inf]  	at tmmsystem.TmmSystemApplication.main(TmmSystemApplication.java:13) ~[!/:0.0.1-SNAPSHOT]
2025-11-11T17:05:36.113029011Z [inf]  	at java.base/jdk.internal.reflect.DirectMethodHandleAccessor.invoke(DirectMethodHandleAccessor.java:103) ~[na:na]
2025-11-11T17:05:36.113033595Z [inf]  	at java.base/java.lang.reflect.Method.invoke(Method.java:580) ~[na:na]
2025-11-11T17:05:36.113038016Z [inf]  	at org.springframework.boot.loader.launch.Launcher.launch(Launcher.java:102) ~[TMMSystem-0.0.1-SNAPSHOT.jar:0.0.1-SNAPSHOT]
2025-11-11T17:05:36.113043291Z [inf]  	at org.springframework.boot.loader.launch.Launcher.launch(Launcher.java:64) ~[TMMSystem-0.0.1-SNAPSHOT.jar:0.0.1-SNAPSHOT]
2025-11-11T17:05:36.113047837Z [inf]  	at org.springframework.boot.loader.launch.JarLauncher.main(JarLauncher.java:40) ~[TMMSystem-0.0.1-SNAPSHOT.jar:0.0.1-SNAPSHOT]
2025-11-11T17:05:36.113051784Z [inf]  Caused by: java.sql.SQLIntegrityConstraintViolationException: Cannot add or update a child row: a foreign key constraint fails (`railway`.`#sql-1_3eff`, CONSTRAINT `FKh6cw737fnei0mn7ild0rie07a` FOREIGN KEY (`plan_id`) REFERENCES `production_plan` (`id`))
2025-11-11T17:05:36.113057236Z [inf]  	at com.mysql.cj.jdbc.exceptions.SQLError.createSQLException(SQLError.java:109) ~[mysql-connector-j-9.4.0.jar!/:9.4.0]
2025-11-11T17:05:36.113062489Z [inf]  	at com.mysql.cj.jdbc.exceptions.SQLExceptionsMapping.translateException(SQLExceptionsMapping.java:114) ~[mysql-connector-j-9.4.0.jar!/:9.4.0]
2025-11-11T17:05:36.114780841Z [inf]  	at com.mysql.cj.jdbc.StatementImpl.executeInternal(StatementImpl.java:837) ~[mysql-connector-j-9.4.0.jar!/:9.4.0]
2025-11-11T17:05:36.114787599Z [inf]  	at com.mysql.cj.jdbc.StatementImpl.execute(StatementImpl.java:685) ~[mysql-connector-j-9.4.0.jar!/:9.4.0]
2025-11-11T17:05:36.114792237Z [inf]  	at com.zaxxer.hikari.pool.ProxyStatement.execute(ProxyStatement.java:95) ~[HikariCP-6.3.3.jar!/:na]
2025-11-11T17:05:36.114798230Z [inf]  	at com.zaxxer.hikari.pool.HikariProxyStatement.execute(HikariProxyStatement.java) ~[HikariCP-6.3.3.jar!/:na]
2025-11-11T17:05:36.114802671Z [inf]  	at org.hibernate.tool.schema.internal.exec.GenerationTargetToDatabase.accept(GenerationTargetToDatabase.java:80) ~[hibernate-core-6.6.29.Final.jar!/:6.6.29.Final]
2025-11-11T17:05:36.114807685Z [inf]  	... 112 common frames omitted
2025-11-11T17:05:36.114812742Z [inf]  
2025-11-11T17:05:36.912953190Z [inf]  2025-11-11T17:05:36.724Z  INFO 1 --- [           main] o.s.d.j.r.query.QueryEnhancerFactory     : Hibernate is in classpath; If applicable, HQL parser will be used.
2025-11-11T17:05:36.912992189Z [inf]  2025-11-11T17:05:36.332Z  INFO 1 --- [           main] j.LocalContainerEntityManagerFactoryBean : Initialized JPA EntityManagerFactory for persistence unit 'default'
2025-11-11T17:05:39.879021996Z [inf]  Using generated security password: dd4b998e-e595-435c-a1d4-e44090e1a352
2025-11-11T17:05:39.879035795Z [inf]  
2025-11-11T17:05:39.879042798Z [inf]  This generated password is for development use only. Your security configuration must be updated before running your application in production.
2025-11-11T17:05:39.879048425Z [inf]  
2025-11-11T17:05:39.879056811Z [inf]  2025-11-11T17:05:39.843Z  INFO 1 --- [           main] r$InitializeUserDetailsManagerConfigurer : Global AuthenticationManager configured with UserDetailsService bean with name inMemoryUserDetailsManager
2025-11-11T17:05:39.879145962Z [inf]  2025-11-11T17:05:39.385Z  WARN 1 --- [           main] JpaBaseConfiguration$JpaWebConfiguration : spring.jpa.open-in-view is enabled by default. Therefore, database queries may be performed during view rendering. Explicitly configure spring.jpa.open-in-view to disable this warning
2025-11-11T17:05:39.879159056Z [inf]  2025-11-11T17:05:39.795Z  INFO 1 --- [           main] o.s.b.a.e.web.EndpointLinksResolver      : Exposing 1 endpoint beneath base path '/actuator'
2025-11-11T17:05:39.879172221Z [inf]  2025-11-11T17:05:39.833Z  WARN 1 --- [           main] .s.s.UserDetailsServiceAutoConfiguration : 
2025-11-11T17:05:39.879182124Z [inf]  
2025-11-11T17:05:40.891009533Z [inf]  2025-11-11T17:05:40.446Z  INFO 1 --- [           main] o.s.b.w.embedded.tomcat.TomcatWebServer  : Tomcat started on port 8080 (http) with context path '/'
2025-11-11T17:05:40.891020741Z [inf]  2025-11-11T17:05:40.473Z  INFO 1 --- [           main] tmmsystem.TmmSystemApplication           : Started TmmSystemApplication in 12.1 seconds (process running for 12.743)
2025-11-11T17:05:40.891028827Z [inf]  Hibernate: select u1_0.id,u1_0.is_active,u1_0.avatar,u1_0.created_at,u1_0.created_by,u1_0.deleted_at,u1_0.email,u1_0.employee_code,u1_0.last_login_at,u1_0.name,u1_0.password,u1_0.phone_number,u1_0.reset_code,u1_0.reset_code_expires_at,u1_0.role_id,u1_0.updated_at,u1_0.updated_by,u1_0.is_verified from user u1_0
2025-11-11T17:05:40.891037193Z [inf]  Hibernate: select u1_0.id,u1_0.is_active,u1_0.avatar,u1_0.created_at,u1_0.created_by,u1_0.deleted_at,u1_0.email,u1_0.employee_code,u1_0.last_login_at,u1_0.name,u1_0.password,u1_0.phone_number,u1_0.reset_code,u1_0.reset_code_expires_at,u1_0.role_id,u1_0.updated_at,u1_0.updated_by,u1_0.is_verified from user u1_0 where u1_0.id=?
2025-11-11T17:05:40.891156896Z [inf]  Hibernate: update user set is_active=?,avatar=?,created_by=?,deleted_at=?,email=?,employee_code=?,last_login_at=?,name=?,password=?,phone_number=?,reset_code=?,reset_code_expires_at=?,role_id=?,updated_at=?,updated_by=?,is_verified=? where id=?
2025-11-11T17:05:40.891171018Z [inf]  Hibernate: select u1_0.id,u1_0.is_active,u1_0.avatar,u1_0.created_at,u1_0.created_by,u1_0.deleted_at,u1_0.email,u1_0.employee_code,u1_0.last_login_at,u1_0.name,u1_0.password,u1_0.phone_number,u1_0.reset_code,u1_0.reset_code_expires_at,u1_0.role_id,u1_0.updated_at,u1_0.updated_by,u1_0.is_verified from user u1_0 where u1_0.id=?
2025-11-11T17:05:40.891176249Z [inf]  Hibernate: update user set is_active=?,avatar=?,created_by=?,deleted_at=?,email=?,employee_code=?,last_login_at=?,name=?,password=?,phone_number=?,reset_code=?,reset_code_expires_at=?,role_id=?,updated_at=?,updated_by=?,is_verified=? where id=?
2025-11-11T17:05:40.894364225Z [inf]  Hibernate: select u1_0.id,u1_0.is_active,u1_0.avatar,u1_0.created_at,u1_0.created_by,u1_0.deleted_at,u1_0.email,u1_0.employee_code,u1_0.last_login_at,u1_0.name,u1_0.password,u1_0.phone_number,u1_0.reset_code,u1_0.reset_code_expires_at,u1_0.role_id,u1_0.updated_at,u1_0.updated_by,u1_0.is_verified from user u1_0 where u1_0.id=?
2025-11-11T17:05:40.894370680Z [inf]  Hibernate: update user set is_active=?,avatar=?,created_by=?,deleted_at=?,email=?,employee_code=?,last_login_at=?,name=?,password=?,phone_number=?,reset_code=?,reset_code_expires_at=?,role_id=?,updated_at=?,updated_by=?,is_verified=? where id=?
2025-11-11T17:05:40.894378026Z [inf]  Hibernate: select u1_0.id,u1_0.is_active,u1_0.avatar,u1_0.created_at,u1_0.created_by,u1_0.deleted_at,u1_0.email,u1_0.employee_code,u1_0.last_login_at,u1_0.name,u1_0.password,u1_0.phone_number,u1_0.reset_code,u1_0.reset_code_expires_at,u1_0.role_id,u1_0.updated_at,u1_0.updated_by,u1_0.is_verified from user u1_0 where u1_0.id=?
2025-11-11T17:05:40.894612105Z [inf]  Hibernate: update user set is_active=?,avatar=?,created_by=?,deleted_at=?,email=?,employee_code=?,last_login_at=?,name=?,password=?,phone_number=?,reset_code=?,reset_code_expires_at=?,role_id=?,updated_at=?,updated_by=?,is_verified=? where id=?
2025-11-11T17:05:40.906481411Z [inf]  Hibernate: select u1_0.id,u1_0.is_active,u1_0.avatar,u1_0.created_at,u1_0.created_by,u1_0.deleted_at,u1_0.email,u1_0.employee_code,u1_0.last_login_at,u1_0.name,u1_0.password,u1_0.phone_number,u1_0.reset_code,u1_0.reset_code_expires_at,u1_0.role_id,u1_0.updated_at,u1_0.updated_by,u1_0.is_verified from user u1_0 where u1_0.id=?
2025-11-11T17:05:40.906489284Z [inf]  Hibernate: update user set is_active=?,avatar=?,created_by=?,deleted_at=?,email=?,employee_code=?,last_login_at=?,name=?,password=?,phone_number=?,reset_code=?,reset_code_expires_at=?,role_id=?,updated_at=?,updated_by=?,is_verified=? where id=?
2025-11-11T17:05:40.915476895Z [inf]  Hibernate: select u1_0.id,u1_0.is_active,u1_0.avatar,u1_0.created_at,u1_0.created_by,u1_0.deleted_at,u1_0.email,u1_0.employee_code,u1_0.last_login_at,u1_0.name,u1_0.password,u1_0.phone_number,u1_0.reset_code,u1_0.reset_code_expires_at,u1_0.role_id,u1_0.updated_at,u1_0.updated_by,u1_0.is_verified from user u1_0 where u1_0.id=?
2025-11-11T17:05:40.915488949Z [inf]  Hibernate: update user set is_active=?,avatar=?,created_by=?,deleted_at=?,email=?,employee_code=?,last_login_at=?,name=?,password=?,phone_number=?,reset_code=?,reset_code_expires_at=?,role_id=?,updated_at=?,updated_by=?,is_verified=? where id=?
2025-11-11T17:05:40.921637209Z [inf]  Hibernate: select u1_0.id,u1_0.is_active,u1_0.avatar,u1_0.created_at,u1_0.created_by,u1_0.deleted_at,u1_0.email,u1_0.employee_code,u1_0.last_login_at,u1_0.name,u1_0.password,u1_0.phone_number,u1_0.reset_code,u1_0.reset_code_expires_at,u1_0.role_id,u1_0.updated_at,u1_0.updated_by,u1_0.is_verified from user u1_0 where u1_0.id=?
2025-11-11T17:05:40.925105902Z [inf]  Hibernate: update user set is_active=?,avatar=?,created_by=?,deleted_at=?,email=?,employee_code=?,last_login_at=?,name=?,password=?,phone_number=?,reset_code=?,reset_code_expires_at=?,role_id=?,updated_at=?,updated_by=?,is_verified=? where id=?
2025-11-11T17:05:40.931504057Z [inf]  Hibernate: select u1_0.id,u1_0.is_active,u1_0.avatar,u1_0.created_at,u1_0.created_by,u1_0.deleted_at,u1_0.email,u1_0.employee_code,u1_0.last_login_at,u1_0.name,u1_0.password,u1_0.phone_number,u1_0.reset_code,u1_0.reset_code_expires_at,u1_0.role_id,u1_0.updated_at,u1_0.updated_by,u1_0.is_verified from user u1_0 where u1_0.id=?
2025-11-11T17:05:40.933980695Z [inf]  Hibernate: update user set is_active=?,avatar=?,created_by=?,deleted_at=?,email=?,employee_code=?,last_login_at=?,name=?,password=?,phone_number=?,reset_code=?,reset_code_expires_at=?,role_id=?,updated_at=?,updated_by=?,is_verified=? where id=?
2025-11-11T17:05:40.943661508Z [inf]  Hibernate: select u1_0.id,u1_0.is_active,u1_0.avatar,u1_0.created_at,u1_0.created_by,u1_0.deleted_at,u1_0.email,u1_0.employee_code,u1_0.last_login_at,u1_0.name,u1_0.password,u1_0.phone_number,u1_0.reset_code,u1_0.reset_code_expires_at,u1_0.role_id,u1_0.updated_at,u1_0.updated_by,u1_0.is_verified from user u1_0 where u1_0.id=?
2025-11-11T17:05:40.943681338Z [inf]  Hibernate: update user set is_active=?,avatar=?,created_by=?,deleted_at=?,email=?,employee_code=?,last_login_at=?,name=?,password=?,phone_number=?,reset_code=?,reset_code_expires_at=?,role_id=?,updated_at=?,updated_by=?,is_verified=? where id=?
2025-11-11T17:05:40.956330067Z [inf]  Hibernate: select u1_0.id,u1_0.is_active,u1_0.avatar,u1_0.created_at,u1_0.created_by,u1_0.deleted_at,u1_0.email,u1_0.employee_code,u1_0.last_login_at,u1_0.name,u1_0.password,u1_0.phone_number,u1_0.reset_code,u1_0.reset_code_expires_at,u1_0.role_id,u1_0.updated_at,u1_0.updated_by,u1_0.is_verified from user u1_0 where u1_0.id=?
2025-11-11T17:05:40.956337339Z [inf]  Hibernate: update user set is_active=?,avatar=?,created_by=?,deleted_at=?,email=?,employee_code=?,last_login_at=?,name=?,password=?,phone_number=?,reset_code=?,reset_code_expires_at=?,role_id=?,updated_at=?,updated_by=?,is_verified=? where id=?
2025-11-11T17:05:40.962470080Z [inf]  Hibernate: select u1_0.id,u1_0.is_active,u1_0.avatar,u1_0.created_at,u1_0.created_by,u1_0.deleted_at,u1_0.email,u1_0.employee_code,u1_0.last_login_at,u1_0.name,u1_0.password,u1_0.phone_number,u1_0.reset_code,u1_0.reset_code_expires_at,u1_0.role_id,u1_0.updated_at,u1_0.updated_by,u1_0.is_verified from user u1_0 where u1_0.id=?
2025-11-11T17:05:40.966133771Z [inf]  Hibernate: update user set is_active=?,avatar=?,created_by=?,deleted_at=?,email=?,employee_code=?,last_login_at=?,name=?,password=?,phone_number=?,reset_code=?,reset_code_expires_at=?,role_id=?,updated_at=?,updated_by=?,is_verified=? where id=?
2025-11-11T17:05:40.976693460Z [inf]  Hibernate: select u1_0.id,u1_0.is_active,u1_0.avatar,u1_0.created_at,u1_0.created_by,u1_0.deleted_at,u1_0.email,u1_0.employee_code,u1_0.last_login_at,u1_0.name,u1_0.password,u1_0.phone_number,u1_0.reset_code,u1_0.reset_code_expires_at,u1_0.role_id,u1_0.updated_at,u1_0.updated_by,u1_0.is_verified from user u1_0 where u1_0.id=?
2025-11-11T17:05:40.976704754Z [inf]  Hibernate: update user set is_active=?,avatar=?,created_by=?,deleted_at=?,email=?,employee_code=?,last_login_at=?,name=?,password=?,phone_number=?,reset_code=?,reset_code_expires_at=?,role_id=?,updated_at=?,updated_by=?,is_verified=? where id=?
2025-11-11T17:05:40.986665858Z [inf]  Hibernate: select u1_0.id,u1_0.is_active,u1_0.avatar,u1_0.created_at,u1_0.created_by,u1_0.deleted_at,u1_0.email,u1_0.employee_code,u1_0.last_login_at,u1_0.name,u1_0.password,u1_0.phone_number,u1_0.reset_code,u1_0.reset_code_expires_at,u1_0.role_id,u1_0.updated_at,u1_0.updated_by,u1_0.is_verified from user u1_0 where u1_0.id=?
2025-11-11T17:05:40.986679117Z [inf]  Hibernate: update user set is_active=?,avatar=?,created_by=?,deleted_at=?,email=?,employee_code=?,last_login_at=?,name=?,password=?,phone_number=?,reset_code=?,reset_code_expires_at=?,role_id=?,updated_at=?,updated_by=?,is_verified=? where id=?
2025-11-11T17:05:40.994777594Z [inf]  Hibernate: select u1_0.id,u1_0.is_active,u1_0.avatar,u1_0.created_at,u1_0.created_by,u1_0.deleted_at,u1_0.email,u1_0.employee_code,u1_0.last_login_at,u1_0.name,u1_0.password,u1_0.phone_number,u1_0.reset_code,u1_0.reset_code_expires_at,u1_0.role_id,u1_0.updated_at,u1_0.updated_by,u1_0.is_verified from user u1_0 where u1_0.id=?
2025-11-11T17:05:40.999098710Z [inf]  Hibernate: update user set is_active=?,avatar=?,created_by=?,deleted_at=?,email=?,employee_code=?,last_login_at=?,name=?,password=?,phone_number=?,reset_code=?,reset_code_expires_at=?,role_id=?,updated_at=?,updated_by=?,is_verified=? where id=?
2025-11-11T17:05:41.007838767Z [inf]  2025-11-11T17:05:41.005Z  INFO 1 --- [           main] tmmsystem.config.DataInitializer         : Đã đổi mật khẩu 14 User thành 'Abcd1234'
2025-11-11T17:05:41.096560872Z [inf]  Hibernate: select c1_0.id,c1_0.is_active,c1_0.additional_contacts,c1_0.address,c1_0.business_license,c1_0.company_name,c1_0.contact_person,c1_0.created_at,c1_0.created_by,c1_0.credit_limit,c1_0.customer_code,c1_0.customer_type,c1_0.email,c1_0.force_password_change,c1_0.industry,c1_0.last_login_at,c1_0.password,c1_0.payment_terms,c1_0.phone_number,c1_0.position,c1_0.registration_type,c1_0.sales_in_charge_id,c1_0.tax_code,c1_0.updated_at,c1_0.is_verified from customer c1_0
2025-11-11T17:05:41.114782767Z [inf]  Hibernate: select c1_0.id,c1_0.is_active,c1_0.additional_contacts,c1_0.address,c1_0.business_license,c1_0.company_name,c1_0.contact_person,c1_0.created_at,c1_0.created_by,c1_0.credit_limit,c1_0.customer_code,c1_0.customer_type,c1_0.email,c1_0.force_password_change,c1_0.industry,c1_0.last_login_at,c1_0.password,c1_0.payment_terms,c1_0.phone_number,c1_0.position,c1_0.registration_type,c1_0.sales_in_charge_id,c1_0.tax_code,c1_0.updated_at,c1_0.is_verified from customer c1_0 where c1_0.id=?
2025-11-11T17:05:41.117180477Z [inf]  Hibernate: update customer set is_active=?,additional_contacts=?,address=?,business_license=?,company_name=?,contact_person=?,created_by=?,credit_limit=?,customer_code=?,customer_type=?,email=?,force_password_change=?,industry=?,last_login_at=?,password=?,payment_terms=?,phone_number=?,position=?,registration_type=?,sales_in_charge_id=?,tax_code=?,updated_at=?,is_verified=? where id=?
2025-11-11T17:05:41.125837310Z [inf]  Hibernate: select c1_0.id,c1_0.is_active,c1_0.additional_contacts,c1_0.address,c1_0.business_license,c1_0.company_name,c1_0.contact_person,c1_0.created_at,c1_0.created_by,c1_0.credit_limit,c1_0.customer_code,c1_0.customer_type,c1_0.email,c1_0.force_password_change,c1_0.industry,c1_0.last_login_at,c1_0.password,c1_0.payment_terms,c1_0.phone_number,c1_0.position,c1_0.registration_type,c1_0.sales_in_charge_id,c1_0.tax_code,c1_0.updated_at,c1_0.is_verified from customer c1_0 where c1_0.id=?
2025-11-11T17:05:41.128091552Z [inf]  Hibernate: update customer set is_active=?,additional_contacts=?,address=?,business_license=?,company_name=?,contact_person=?,created_by=?,credit_limit=?,customer_code=?,customer_type=?,email=?,force_password_change=?,industry=?,last_login_at=?,password=?,payment_terms=?,phone_number=?,position=?,registration_type=?,sales_in_charge_id=?,tax_code=?,updated_at=?,is_verified=? where id=?
2025-11-11T17:05:41.137406661Z [inf]  Hibernate: select c1_0.id,c1_0.is_active,c1_0.additional_contacts,c1_0.address,c1_0.business_license,c1_0.company_name,c1_0.contact_person,c1_0.created_at,c1_0.created_by,c1_0.credit_limit,c1_0.customer_code,c1_0.customer_type,c1_0.email,c1_0.force_password_change,c1_0.industry,c1_0.last_login_at,c1_0.password,c1_0.payment_terms,c1_0.phone_number,c1_0.position,c1_0.registration_type,c1_0.sales_in_charge_id,c1_0.tax_code,c1_0.updated_at,c1_0.is_verified from customer c1_0 where c1_0.id=?
2025-11-11T17:05:41.137417371Z [inf]  Hibernate: update customer set is_active=?,additional_contacts=?,address=?,business_license=?,company_name=?,contact_person=?,created_by=?,credit_limit=?,customer_code=?,customer_type=?,email=?,force_password_change=?,industry=?,last_login_at=?,password=?,payment_terms=?,phone_number=?,position=?,registration_type=?,sales_in_charge_id=?,tax_code=?,updated_at=?,is_verified=? where id=?
2025-11-11T17:05:41.145865444Z [inf]  Hibernate: select c1_0.id,c1_0.is_active,c1_0.additional_contacts,c1_0.address,c1_0.business_license,c1_0.company_name,c1_0.contact_person,c1_0.created_at,c1_0.created_by,c1_0.credit_limit,c1_0.customer_code,c1_0.customer_type,c1_0.email,c1_0.force_password_change,c1_0.industry,c1_0.last_login_at,c1_0.password,c1_0.payment_terms,c1_0.phone_number,c1_0.position,c1_0.registration_type,c1_0.sales_in_charge_id,c1_0.tax_code,c1_0.updated_at,c1_0.is_verified from customer c1_0 where c1_0.id=?
2025-11-11T17:05:41.147664384Z [inf]  Hibernate: update customer set is_active=?,additional_contacts=?,address=?,business_license=?,company_name=?,contact_person=?,created_by=?,credit_limit=?,customer_code=?,customer_type=?,email=?,force_password_change=?,industry=?,last_login_at=?,password=?,payment_terms=?,phone_number=?,position=?,registration_type=?,sales_in_charge_id=?,tax_code=?,updated_at=?,is_verified=? where id=?
2025-11-11T17:05:41.156370141Z [inf]  Hibernate: select c1_0.id,c1_0.is_active,c1_0.additional_contacts,c1_0.address,c1_0.business_license,c1_0.company_name,c1_0.contact_person,c1_0.created_at,c1_0.created_by,c1_0.credit_limit,c1_0.customer_code,c1_0.customer_type,c1_0.email,c1_0.force_password_change,c1_0.industry,c1_0.last_login_at,c1_0.password,c1_0.payment_terms,c1_0.phone_number,c1_0.position,c1_0.registration_type,c1_0.sales_in_charge_id,c1_0.tax_code,c1_0.updated_at,c1_0.is_verified from customer c1_0 where c1_0.id=?
2025-11-11T17:05:41.158725448Z [inf]  Hibernate: update customer set is_active=?,additional_contacts=?,address=?,business_license=?,company_name=?,contact_person=?,created_by=?,credit_limit=?,customer_code=?,customer_type=?,email=?,force_password_change=?,industry=?,last_login_at=?,password=?,payment_terms=?,phone_number=?,position=?,registration_type=?,sales_in_charge_id=?,tax_code=?,updated_at=?,is_verified=? where id=?
2025-11-11T17:05:41.167137109Z [inf]  Hibernate: select c1_0.id,c1_0.is_active,c1_0.additional_contacts,c1_0.address,c1_0.business_license,c1_0.company_name,c1_0.contact_person,c1_0.created_at,c1_0.created_by,c1_0.credit_limit,c1_0.customer_code,c1_0.customer_type,c1_0.email,c1_0.force_password_change,c1_0.industry,c1_0.last_login_at,c1_0.password,c1_0.payment_terms,c1_0.phone_number,c1_0.position,c1_0.registration_type,c1_0.sales_in_charge_id,c1_0.tax_code,c1_0.updated_at,c1_0.is_verified from customer c1_0 where c1_0.id=?
2025-11-11T17:05:41.169770965Z [inf]  Hibernate: update customer set is_active=?,additional_contacts=?,address=?,business_license=?,company_name=?,contact_person=?,created_by=?,credit_limit=?,customer_code=?,customer_type=?,email=?,force_password_change=?,industry=?,last_login_at=?,password=?,payment_terms=?,phone_number=?,position=?,registration_type=?,sales_in_charge_id=?,tax_code=?,updated_at=?,is_verified=? where id=?
2025-11-11T17:05:41.180380999Z [inf]  Hibernate: select c1_0.id,c1_0.is_active,c1_0.additional_contacts,c1_0.address,c1_0.business_license,c1_0.company_name,c1_0.contact_person,c1_0.created_at,c1_0.created_by,c1_0.credit_limit,c1_0.customer_code,c1_0.customer_type,c1_0.email,c1_0.force_password_change,c1_0.industry,c1_0.last_login_at,c1_0.password,c1_0.payment_terms,c1_0.phone_number,c1_0.position,c1_0.registration_type,c1_0.sales_in_charge_id,c1_0.tax_code,c1_0.updated_at,c1_0.is_verified from customer c1_0 where c1_0.id=?
2025-11-11T17:05:41.180389702Z [inf]  Hibernate: update customer set is_active=?,additional_contacts=?,address=?,business_license=?,company_name=?,contact_person=?,created_by=?,credit_limit=?,customer_code=?,customer_type=?,email=?,force_password_change=?,industry=?,last_login_at=?,password=?,payment_terms=?,phone_number=?,position=?,registration_type=?,sales_in_charge_id=?,tax_code=?,updated_at=?,is_verified=? where id=?
2025-11-11T17:05:41.188871786Z [inf]  Hibernate: select c1_0.id,c1_0.is_active,c1_0.additional_contacts,c1_0.address,c1_0.business_license,c1_0.company_name,c1_0.contact_person,c1_0.created_at,c1_0.created_by,c1_0.credit_limit,c1_0.customer_code,c1_0.customer_type,c1_0.email,c1_0.force_password_change,c1_0.industry,c1_0.last_login_at,c1_0.password,c1_0.payment_terms,c1_0.phone_number,c1_0.position,c1_0.registration_type,c1_0.sales_in_charge_id,c1_0.tax_code,c1_0.updated_at,c1_0.is_verified from customer c1_0 where c1_0.id=?
2025-11-11T17:05:41.188881343Z [inf]  Hibernate: update customer set is_active=?,additional_contacts=?,address=?,business_license=?,company_name=?,contact_person=?,created_by=?,credit_limit=?,customer_code=?,customer_type=?,email=?,force_password_change=?,industry=?,last_login_at=?,password=?,payment_terms=?,phone_number=?,position=?,registration_type=?,sales_in_charge_id=?,tax_code=?,updated_at=?,is_verified=? where id=?
2025-11-11T17:05:41.196694440Z [inf]  Hibernate: select c1_0.id,c1_0.is_active,c1_0.additional_contacts,c1_0.address,c1_0.business_license,c1_0.company_name,c1_0.contact_person,c1_0.created_at,c1_0.created_by,c1_0.credit_limit,c1_0.customer_code,c1_0.customer_type,c1_0.email,c1_0.force_password_change,c1_0.industry,c1_0.last_login_at,c1_0.password,c1_0.payment_terms,c1_0.phone_number,c1_0.position,c1_0.registration_type,c1_0.sales_in_charge_id,c1_0.tax_code,c1_0.updated_at,c1_0.is_verified from customer c1_0 where c1_0.id=?
2025-11-11T17:05:41.196701988Z [inf]  Hibernate: update customer set is_active=?,additional_contacts=?,address=?,business_license=?,company_name=?,contact_person=?,created_by=?,credit_limit=?,customer_code=?,customer_type=?,email=?,force_password_change=?,industry=?,last_login_at=?,password=?,payment_terms=?,phone_number=?,position=?,registration_type=?,sales_in_charge_id=?,tax_code=?,updated_at=?,is_verified=? where id=?
2025-11-11T17:05:41.202574637Z [inf]  Hibernate: select c1_0.id,c1_0.is_active,c1_0.additional_contacts,c1_0.address,c1_0.business_license,c1_0.company_name,c1_0.contact_person,c1_0.created_at,c1_0.created_by,c1_0.credit_limit,c1_0.customer_code,c1_0.customer_type,c1_0.email,c1_0.force_password_change,c1_0.industry,c1_0.last_login_at,c1_0.password,c1_0.payment_terms,c1_0.phone_number,c1_0.position,c1_0.registration_type,c1_0.sales_in_charge_id,c1_0.tax_code,c1_0.updated_at,c1_0.is_verified from customer c1_0 where c1_0.id=?
2025-11-11T17:05:41.204851555Z [inf]  Hibernate: update customer set is_active=?,additional_contacts=?,address=?,business_license=?,company_name=?,contact_person=?,created_by=?,credit_limit=?,customer_code=?,customer_type=?,email=?,force_password_change=?,industry=?,last_login_at=?,password=?,payment_terms=?,phone_number=?,position=?,registration_type=?,sales_in_charge_id=?,tax_code=?,updated_at=?,is_verified=? where id=?
2025-11-11T17:05:41.213348506Z [inf]  Hibernate: select c1_0.id,c1_0.is_active,c1_0.additional_contacts,c1_0.address,c1_0.business_license,c1_0.company_name,c1_0.contact_person,c1_0.created_at,c1_0.created_by,c1_0.credit_limit,c1_0.customer_code,c1_0.customer_type,c1_0.email,c1_0.force_password_change,c1_0.industry,c1_0.last_login_at,c1_0.password,c1_0.payment_terms,c1_0.phone_number,c1_0.position,c1_0.registration_type,c1_0.sales_in_charge_id,c1_0.tax_code,c1_0.updated_at,c1_0.is_verified from customer c1_0 where c1_0.id=?
2025-11-11T17:05:41.213354381Z [inf]  Hibernate: update customer set is_active=?,additional_contacts=?,address=?,business_license=?,company_name=?,contact_person=?,created_by=?,credit_limit=?,customer_code=?,customer_type=?,email=?,force_password_change=?,industry=?,last_login_at=?,password=?,payment_terms=?,phone_number=?,position=?,registration_type=?,sales_in_charge_id=?,tax_code=?,updated_at=?,is_verified=? where id=?
2025-11-11T17:05:41.221421001Z [inf]  Hibernate: select c1_0.id,c1_0.is_active,c1_0.additional_contacts,c1_0.address,c1_0.business_license,c1_0.company_name,c1_0.contact_person,c1_0.created_at,c1_0.created_by,c1_0.credit_limit,c1_0.customer_code,c1_0.customer_type,c1_0.email,c1_0.force_password_change,c1_0.industry,c1_0.last_login_at,c1_0.password,c1_0.payment_terms,c1_0.phone_number,c1_0.position,c1_0.registration_type,c1_0.sales_in_charge_id,c1_0.tax_code,c1_0.updated_at,c1_0.is_verified from customer c1_0 where c1_0.id=?
2025-11-11T17:05:41.229372069Z [inf]  Hibernate: update customer set is_active=?,additional_contacts=?,address=?,business_license=?,company_name=?,contact_person=?,created_by=?,credit_limit=?,customer_code=?,customer_type=?,email=?,force_password_change=?,industry=?,last_login_at=?,password=?,payment_terms=?,phone_number=?,position=?,registration_type=?,sales_in_charge_id=?,tax_code=?,updated_at=?,is_verified=? where id=?
2025-11-11T17:05:41.231693307Z [inf]  Hibernate: select c1_0.id,c1_0.is_active,c1_0.additional_contacts,c1_0.address,c1_0.business_license,c1_0.company_name,c1_0.contact_person,c1_0.created_at,c1_0.created_by,c1_0.credit_limit,c1_0.customer_code,c1_0.customer_type,c1_0.email,c1_0.force_password_change,c1_0.industry,c1_0.last_login_at,c1_0.password,c1_0.payment_terms,c1_0.phone_number,c1_0.position,c1_0.registration_type,c1_0.sales_in_charge_id,c1_0.tax_code,c1_0.updated_at,c1_0.is_verified from customer c1_0 where c1_0.id=?
2025-11-11T17:05:41.233776878Z [inf]  Hibernate: update customer set is_active=?,additional_contacts=?,address=?,business_license=?,company_name=?,contact_person=?,created_by=?,credit_limit=?,customer_code=?,customer_type=?,email=?,force_password_change=?,industry=?,last_login_at=?,password=?,payment_terms=?,phone_number=?,position=?,registration_type=?,sales_in_charge_id=?,tax_code=?,updated_at=?,is_verified=? where id=?
2025-11-11T17:05:41.242072811Z [inf]  Hibernate: select c1_0.id,c1_0.is_active,c1_0.additional_contacts,c1_0.address,c1_0.business_license,c1_0.company_name,c1_0.contact_person,c1_0.created_at,c1_0.created_by,c1_0.credit_limit,c1_0.customer_code,c1_0.customer_type,c1_0.email,c1_0.force_password_change,c1_0.industry,c1_0.last_login_at,c1_0.password,c1_0.payment_terms,c1_0.phone_number,c1_0.position,c1_0.registration_type,c1_0.sales_in_charge_id,c1_0.tax_code,c1_0.updated_at,c1_0.is_verified from customer c1_0 where c1_0.id=?
2025-11-11T17:05:41.242101638Z [inf]  Hibernate: update customer set is_active=?,additional_contacts=?,address=?,business_license=?,company_name=?,contact_person=?,created_by=?,credit_limit=?,customer_code=?,customer_type=?,email=?,force_password_change=?,industry=?,last_login_at=?,password=?,payment_terms=?,phone_number=?,position=?,registration_type=?,sales_in_charge_id=?,tax_code=?,updated_at=?,is_verified=? where id=?
2025-11-11T17:05:41.251390667Z [inf]  2025-11-11T17:05:41.245Z  INFO 1 --- [           main] tmmsystem.config.DataInitializer         : Đã đổi mật khẩu 14 Customer thành 'Abcd1234'